"../../../Engine/Content/EngineMaterials/T_Default_Material_Grid_N.uasset" 0
"../../../Engine/Content/EngineMaterials/T_Default_Material_Grid_N.uexp" 1
"../../../Engine/Content/EngineMaterials/T_Default_Material_Grid_N.ubulk" 2
"../../../Engine/Content/EngineMaterials/T_Default_Material_Grid_M.uasset" 3
"../../../Engine/Content/EngineMaterials/T_Default_Material_Grid_M.uexp" 4
"../../../Engine/Content/EngineMaterials/T_Default_Material_Grid_M.ubulk" 5
"../../../Engine/Content/Functions/Engine_MaterialFunctions01/Opacity/CameraDepthFade.uasset" 6
"../../../Engine/Content/Functions/Engine_MaterialFunctions01/Opacity/CameraDepthFade.uexp" 7
"../../../Engine/Content/EngineMaterials/DefaultMaterial.uasset" 8
"../../../Engine/Content/EngineMaterials/DefaultMaterial.uexp" 9
"../../../Engine/Content/BasicShapes/Sphere.uasset" 10
"../../../Engine/Content/BasicShapes/Sphere.uexp" 11
"../../../Engine/Content/BasicShapes/BasicShapeMaterial.uasset" 12
"../../../Engine/Content/BasicShapes/BasicShapeMaterial.uexp" 13
"C:/Users/bewer/Desktop/RespawnTest/RespawnTest/Content/Components/Interaction/BPI_Interactor.uasset" 14
"C:/Users/bewer/Desktop/RespawnTest/RespawnTest/Content/Components/Interaction/BPI_Interactor.uexp" 15
"C:/Users/bewer/Desktop/RespawnTest/RespawnTest/Content/Components/Interaction/BPI_Interactable.uasset" 16
"C:/Users/bewer/Desktop/RespawnTest/RespawnTest/Content/Components/Interaction/BPI_Interactable.uexp" 17
"C:/Users/bewer/Desktop/RespawnTest/RespawnTest/Content/Components/Health/DamageActor.uasset" 18
"C:/Users/bewer/Desktop/RespawnTest/RespawnTest/Content/Components/Health/DamageActor.uexp" 19
"C:/Users/bewer/Desktop/RespawnTest/RespawnTest/Content/Components/Perks/Perks/ExtraHealth/ExtraHealth.uasset" 20
"C:/Users/bewer/Desktop/RespawnTest/RespawnTest/Content/Components/Perks/Perks/ExtraHealth/ExtraHealth.uexp" 21
"C:/Users/bewer/Desktop/RespawnTest/RespawnTest/Content/Components/Perks/UI/UMG_SinglePerk.uasset" 22
"C:/Users/bewer/Desktop/RespawnTest/RespawnTest/Content/Components/Perks/UI/UMG_SinglePerk.uexp" 23
"C:/Users/bewer/Desktop/RespawnTest/RespawnTest/Content/Components/Perks/BPI_PerkUser.uasset" 24
"C:/Users/bewer/Desktop/RespawnTest/RespawnTest/Content/Components/Perks/BPI_PerkUser.uexp" 25
"C:/Users/bewer/Desktop/RespawnTest/RespawnTest/Content/Components/Perks/BPI_Perk.uasset" 26
"C:/Users/bewer/Desktop/RespawnTest/RespawnTest/Content/Components/Perks/BPI_Perk.uexp" 27
"C:/Users/bewer/Desktop/RespawnTest/RespawnTest/Content/Components/Perks/UI/FPerkUMG.uasset" 28
"C:/Users/bewer/Desktop/RespawnTest/RespawnTest/Content/Components/Perks/UI/FPerkUMG.uexp" 29
"../../../Engine/Content/EditorBlueprintResources/StandardMacros.uasset" 30
"../../../Engine/Content/EditorBlueprintResources/StandardMacros.uexp" 31
"C:/Users/bewer/Desktop/RespawnTest/RespawnTest/Content/Components/Perks/UI/UMG_Perks.uasset" 32
"C:/Users/bewer/Desktop/RespawnTest/RespawnTest/Content/Components/Perks/UI/UMG_Perks.uexp" 33
"C:/Users/bewer/Desktop/RespawnTest/RespawnTest/Content/Components/Perks/BP_PerkManager.uasset" 34
"C:/Users/bewer/Desktop/RespawnTest/RespawnTest/Content/Components/Perks/BP_PerkManager.uexp" 35
"C:/Users/bewer/Desktop/RespawnTest/RespawnTest/Content/Components/Interaction/UMG_InteractionWidget.uasset" 36
"C:/Users/bewer/Desktop/RespawnTest/RespawnTest/Content/Components/Interaction/UMG_InteractionWidget.uexp" 37
"C:/Users/bewer/Desktop/RespawnTest/RespawnTest/Content/Components/Interaction/BP_InteractorComponent.uasset" 38
"C:/Users/bewer/Desktop/RespawnTest/RespawnTest/Content/Components/Interaction/BP_InteractorComponent.uexp" 39
"C:/Users/bewer/Desktop/RespawnTest/RespawnTest/Content/Components/Health/T_UI_HitIndicator_90.uasset" 40
"C:/Users/bewer/Desktop/RespawnTest/RespawnTest/Content/Components/Health/T_UI_HitIndicator_90.uexp" 41
"C:/Users/bewer/Desktop/RespawnTest/RespawnTest/Content/Components/Health/T_UI_HitIndicator_90.ubulk" 42
"C:/Users/bewer/Desktop/RespawnTest/RespawnTest/Content/Components/Health/UMG_HealthWidget.uasset" 43
"C:/Users/bewer/Desktop/RespawnTest/RespawnTest/Content/Components/Health/UMG_HealthWidget.uexp" 44
"C:/Users/bewer/Desktop/RespawnTest/RespawnTest/Content/Components/Health/BP_HealthManager.uasset" 45
"C:/Users/bewer/Desktop/RespawnTest/RespawnTest/Content/Components/Health/BP_HealthManager.uexp" 46
"C:/Users/bewer/Desktop/RespawnTest/RespawnTest/Content/Models/Mannequin/Character/Mesh/SK_Mannequin_PhysicsAsset.uasset" 47
"C:/Users/bewer/Desktop/RespawnTest/RespawnTest/Content/Models/Mannequin/Character/Mesh/SK_Mannequin_PhysicsAsset.uexp" 48
"C:/Users/bewer/Desktop/RespawnTest/RespawnTest/Content/Models/Mannequin/Character/Textures/T_UE4Logo_N.uasset" 49
"C:/Users/bewer/Desktop/RespawnTest/RespawnTest/Content/Models/Mannequin/Character/Textures/T_UE4Logo_N.uexp" 50
"C:/Users/bewer/Desktop/RespawnTest/RespawnTest/Content/Models/Mannequin/Character/Textures/T_UE4Logo_N.ubulk" 51
"C:/Users/bewer/Desktop/RespawnTest/RespawnTest/Content/Models/Mannequin/Character/Textures/T_UE4Logo_Mask.uasset" 52
"C:/Users/bewer/Desktop/RespawnTest/RespawnTest/Content/Models/Mannequin/Character/Textures/T_UE4Logo_Mask.uexp" 53
"C:/Users/bewer/Desktop/RespawnTest/RespawnTest/Content/Models/Mannequin/Character/Textures/T_UE4Logo_Mask.ubulk" 54
"C:/Users/bewer/Desktop/RespawnTest/RespawnTest/Content/Models/Mannequin/Character/Textures/T_Male_N.uasset" 55
"C:/Users/bewer/Desktop/RespawnTest/RespawnTest/Content/Models/Mannequin/Character/Textures/T_Male_N.uexp" 56
"C:/Users/bewer/Desktop/RespawnTest/RespawnTest/Content/Models/Mannequin/Character/Textures/T_Male_N.ubulk" 57
"C:/Users/bewer/Desktop/RespawnTest/RespawnTest/Content/Models/Mannequin/Character/Textures/T_Male_Mask.uasset" 58
"C:/Users/bewer/Desktop/RespawnTest/RespawnTest/Content/Models/Mannequin/Character/Textures/T_Male_Mask.uexp" 59
"C:/Users/bewer/Desktop/RespawnTest/RespawnTest/Content/Models/Mannequin/Character/Textures/T_Male_Mask.ubulk" 60
"C:/Users/bewer/Desktop/RespawnTest/RespawnTest/Content/Models/Mannequin/Character/Materials/MaterialLayers/T_ML_Rubber_Blue_01_N.uasset" 61
"C:/Users/bewer/Desktop/RespawnTest/RespawnTest/Content/Models/Mannequin/Character/Materials/MaterialLayers/T_ML_Rubber_Blue_01_N.uexp" 62
"C:/Users/bewer/Desktop/RespawnTest/RespawnTest/Content/Models/Mannequin/Character/Materials/MaterialLayers/T_ML_Rubber_Blue_01_N.ubulk" 63
"C:/Users/bewer/Desktop/RespawnTest/RespawnTest/Content/Models/Mannequin/Character/Materials/MaterialLayers/T_ML_Rubber_Blue_01_D.uasset" 64
"C:/Users/bewer/Desktop/RespawnTest/RespawnTest/Content/Models/Mannequin/Character/Materials/MaterialLayers/T_ML_Rubber_Blue_01_D.uexp" 65
"C:/Users/bewer/Desktop/RespawnTest/RespawnTest/Content/Models/Mannequin/Character/Materials/MaterialLayers/T_ML_Rubber_Blue_01_D.ubulk" 66
"C:/Users/bewer/Desktop/RespawnTest/RespawnTest/Content/Models/Mannequin/Character/Materials/MaterialLayers/T_ML_Aluminum01_N.uasset" 67
"C:/Users/bewer/Desktop/RespawnTest/RespawnTest/Content/Models/Mannequin/Character/Materials/MaterialLayers/T_ML_Aluminum01_N.uexp" 68
"C:/Users/bewer/Desktop/RespawnTest/RespawnTest/Content/Models/Mannequin/Character/Materials/MaterialLayers/T_ML_Aluminum01_N.ubulk" 69
"C:/Users/bewer/Desktop/RespawnTest/RespawnTest/Content/Models/Mannequin/Character/Materials/MaterialLayers/T_ML_Aluminum01.uasset" 70
"C:/Users/bewer/Desktop/RespawnTest/RespawnTest/Content/Models/Mannequin/Character/Materials/MaterialLayers/T_ML_Aluminum01.uexp" 71
"C:/Users/bewer/Desktop/RespawnTest/RespawnTest/Content/Models/Mannequin/Character/Materials/MaterialLayers/T_ML_Aluminum01.ubulk" 72
"C:/Users/bewer/Desktop/RespawnTest/RespawnTest/Content/Models/Mannequin/Character/Materials/MaterialLayers/ML_SoftMetal_UE4.uasset" 73
"C:/Users/bewer/Desktop/RespawnTest/RespawnTest/Content/Models/Mannequin/Character/Materials/MaterialLayers/ML_SoftMetal_UE4.uexp" 74
"C:/Users/bewer/Desktop/RespawnTest/RespawnTest/Content/Models/Mannequin/Character/Materials/MaterialLayers/ML_Plastic_Shiny_Beige_LOGO.uasset" 75
"C:/Users/bewer/Desktop/RespawnTest/RespawnTest/Content/Models/Mannequin/Character/Materials/MaterialLayers/ML_Plastic_Shiny_Beige_LOGO.uexp" 76
"C:/Users/bewer/Desktop/RespawnTest/RespawnTest/Content/Models/Mannequin/Character/Materials/MaterialLayers/ML_Plastic_Shiny_Beige.uasset" 77
"C:/Users/bewer/Desktop/RespawnTest/RespawnTest/Content/Models/Mannequin/Character/Materials/MaterialLayers/ML_Plastic_Shiny_Beige.uexp" 78
"C:/Users/bewer/Desktop/RespawnTest/RespawnTest/Content/Models/Mannequin/Character/Materials/MaterialLayers/ML_GlossyBlack_Latex_UE4.uasset" 79
"C:/Users/bewer/Desktop/RespawnTest/RespawnTest/Content/Models/Mannequin/Character/Materials/MaterialLayers/ML_GlossyBlack_Latex_UE4.uexp" 80
"../../../Engine/Content/Functions/MaterialLayerFunctions/MatLayerBlend_Simple.uasset" 81
"../../../Engine/Content/Functions/MaterialLayerFunctions/MatLayerBlend_Simple.uexp" 82
"../../../Engine/Content/Functions/Engine_MaterialFunctions02/Utility/BlendAngleCorrectedNormals.uasset" 83
"../../../Engine/Content/Functions/Engine_MaterialFunctions02/Utility/BlendAngleCorrectedNormals.uexp" 84
"../../../Engine/Content/Functions/MaterialLayerFunctions/MatLayerBlend_NormalBlend.uasset" 85
"../../../Engine/Content/Functions/MaterialLayerFunctions/MatLayerBlend_NormalBlend.uexp" 86
"C:/Users/bewer/Desktop/RespawnTest/RespawnTest/Content/Models/Mannequin/Character/Materials/M_Male_Body.uasset" 87
"C:/Users/bewer/Desktop/RespawnTest/RespawnTest/Content/Models/Mannequin/Character/Materials/M_Male_Body.uexp" 88
"C:/Users/bewer/Desktop/RespawnTest/RespawnTest/Content/Models/Mannequin/Character/Materials/M_UE4Man_ChestLogo.uasset" 89
"C:/Users/bewer/Desktop/RespawnTest/RespawnTest/Content/Models/Mannequin/Character/Materials/M_UE4Man_ChestLogo.uexp" 90
"C:/Users/bewer/Desktop/RespawnTest/RespawnTest/Content/Models/Mannequin/Character/Mesh/UE4_Mannequin_Skeleton.uasset" 91
"C:/Users/bewer/Desktop/RespawnTest/RespawnTest/Content/Models/Mannequin/Character/Mesh/UE4_Mannequin_Skeleton.uexp" 92
"C:/Users/bewer/Desktop/RespawnTest/RespawnTest/Content/Models/Mannequin/Character/Mesh/SK_Mannequin.uasset" 93
"C:/Users/bewer/Desktop/RespawnTest/RespawnTest/Content/Models/Mannequin/Character/Mesh/SK_Mannequin.uexp" 94
"../../../Engine/Content/Animation/DefaultAnimCurveCompressionSettings.uasset" 95
"../../../Engine/Content/Animation/DefaultAnimCurveCompressionSettings.uexp" 96
"../../../Engine/Content/Animation/DefaultAnimBoneCompressionSettings.uasset" 97
"../../../Engine/Content/Animation/DefaultAnimBoneCompressionSettings.uexp" 98
"C:/Users/bewer/Desktop/RespawnTest/RespawnTest/Content/Models/Mannequin/Animations/ThirdPersonWalk.uasset" 99
"C:/Users/bewer/Desktop/RespawnTest/RespawnTest/Content/Models/Mannequin/Animations/ThirdPersonWalk.uexp" 100
"C:/Users/bewer/Desktop/RespawnTest/RespawnTest/Content/Models/Mannequin/Animations/ThirdPersonRun.uasset" 101
"C:/Users/bewer/Desktop/RespawnTest/RespawnTest/Content/Models/Mannequin/Animations/ThirdPersonRun.uexp" 102
"C:/Users/bewer/Desktop/RespawnTest/RespawnTest/Content/Models/Mannequin/Animations/ThirdPersonIdle.uasset" 103
"C:/Users/bewer/Desktop/RespawnTest/RespawnTest/Content/Models/Mannequin/Animations/ThirdPersonIdle.uexp" 104
"C:/Users/bewer/Desktop/RespawnTest/RespawnTest/Content/Models/Mannequin/Animations/ThirdPerson_IdleRun_2D.uasset" 105
"C:/Users/bewer/Desktop/RespawnTest/RespawnTest/Content/Models/Mannequin/Animations/ThirdPerson_IdleRun_2D.uexp" 106
"C:/Users/bewer/Desktop/RespawnTest/RespawnTest/Content/Models/Mannequin/Animations/ThirdPerson_Jump.uasset" 107
"C:/Users/bewer/Desktop/RespawnTest/RespawnTest/Content/Models/Mannequin/Animations/ThirdPerson_Jump.uexp" 108
"C:/Users/bewer/Desktop/RespawnTest/RespawnTest/Content/Models/Mannequin/Animations/ThirdPersonJump_Start.uasset" 109
"C:/Users/bewer/Desktop/RespawnTest/RespawnTest/Content/Models/Mannequin/Animations/ThirdPersonJump_Start.uexp" 110
"C:/Users/bewer/Desktop/RespawnTest/RespawnTest/Content/Models/Mannequin/Animations/ThirdPersonJump_Loop.uasset" 111
"C:/Users/bewer/Desktop/RespawnTest/RespawnTest/Content/Models/Mannequin/Animations/ThirdPersonJump_Loop.uexp" 112
"C:/Users/bewer/Desktop/RespawnTest/RespawnTest/Content/Models/Mannequin/Animations/ThirdPerson_AnimBP.uasset" 113
"C:/Users/bewer/Desktop/RespawnTest/RespawnTest/Content/Models/Mannequin/Animations/ThirdPerson_AnimBP.uexp" 114
"C:/Users/bewer/Desktop/RespawnTest/RespawnTest/Content/Core/ThirdPersonCharacter.uasset" 115
"C:/Users/bewer/Desktop/RespawnTest/RespawnTest/Content/Core/ThirdPersonCharacter.uexp" 116
"C:/Users/bewer/Desktop/RespawnTest/RespawnTest/Content/Components/Perks/Perks/DoubleJump/DoubleJump.uasset" 117
"C:/Users/bewer/Desktop/RespawnTest/RespawnTest/Content/Components/Perks/Perks/DoubleJump/DoubleJump.uexp" 118
"C:/Users/bewer/Desktop/RespawnTest/RespawnTest/Content/Components/Perks/Perks/DoubleJump/BP_DoubleJumpPerk.uasset" 119
"C:/Users/bewer/Desktop/RespawnTest/RespawnTest/Content/Components/Perks/Perks/DoubleJump/BP_DoubleJumpPerk.uexp" 120
"C:/Users/bewer/Desktop/RespawnTest/RespawnTest/Content/Components/Perks/Perks/SpeedBoost/images__1_.uasset" 121
"C:/Users/bewer/Desktop/RespawnTest/RespawnTest/Content/Components/Perks/Perks/SpeedBoost/images__1_.uexp" 122
"C:/Users/bewer/Desktop/RespawnTest/RespawnTest/Content/Core/ThirdPersonGameMode.uasset" 123
"C:/Users/bewer/Desktop/RespawnTest/RespawnTest/Content/Core/ThirdPersonGameMode.uexp" 124
"C:/Users/bewer/Desktop/RespawnTest/RespawnTest/Content/Models/Cube/CubeMaterial.uasset" 125
"C:/Users/bewer/Desktop/RespawnTest/RespawnTest/Content/Models/Cube/CubeMaterial.uexp" 126
"C:/Users/bewer/Desktop/RespawnTest/RespawnTest/Content/Models/Cube/1M_Cube_Chamfer.uasset" 127
"C:/Users/bewer/Desktop/RespawnTest/RespawnTest/Content/Models/Cube/1M_Cube_Chamfer.uexp" 128
"C:/Users/bewer/Desktop/RespawnTest/RespawnTest/Content/Models/ExampleContent/Audio/Physical_Materials/Metal.uasset" 129
"C:/Users/bewer/Desktop/RespawnTest/RespawnTest/Content/Models/ExampleContent/Audio/Physical_Materials/Metal.uexp" 130
"C:/Users/bewer/Desktop/RespawnTest/RespawnTest/Content/Models/ExampleContent/Audio/Physical_Materials/Rubber.uasset" 131
"C:/Users/bewer/Desktop/RespawnTest/RespawnTest/Content/Models/ExampleContent/Audio/Physical_Materials/Rubber.uexp" 132
"C:/Users/bewer/Desktop/RespawnTest/RespawnTest/Content/Models/DemoRoom/Materials/M_DemoWall.uasset" 133
"C:/Users/bewer/Desktop/RespawnTest/RespawnTest/Content/Models/DemoRoom/Materials/M_DemoWall.uexp" 134
"C:/Users/bewer/Desktop/RespawnTest/RespawnTest/Content/Models/DemoRoom/Materials/M_DemoWall_Inst.uasset" 135
"C:/Users/bewer/Desktop/RespawnTest/RespawnTest/Content/Models/DemoRoom/Materials/M_DemoWall_Inst.uexp" 136
"C:/Users/bewer/Desktop/RespawnTest/RespawnTest/Content/Models/DemoRoom/Materials/M_DemoWall_Inst_3.uasset" 137
"C:/Users/bewer/Desktop/RespawnTest/RespawnTest/Content/Models/DemoRoom/Materials/M_DemoWall_Inst_3.uexp" 138
"C:/Users/bewer/Desktop/RespawnTest/RespawnTest/Content/Models/DemoRoom/Materials/M_Button.uasset" 139
"C:/Users/bewer/Desktop/RespawnTest/RespawnTest/Content/Models/DemoRoom/Materials/M_Button.uexp" 140
"C:/Users/bewer/Desktop/RespawnTest/RespawnTest/Content/Models/DemoRoom/Materials/M_Button_Inst.uasset" 141
"C:/Users/bewer/Desktop/RespawnTest/RespawnTest/Content/Models/DemoRoom/Materials/M_Button_Inst.uexp" 142
"C:/Users/bewer/Desktop/RespawnTest/RespawnTest/Content/Models/DemoRoom/Materials/M_Button_Chrome.uasset" 143
"C:/Users/bewer/Desktop/RespawnTest/RespawnTest/Content/Models/DemoRoom/Materials/M_Button_Chrome.uexp" 144
"C:/Users/bewer/Desktop/RespawnTest/RespawnTest/Content/Models/DemoRoom/BluePrint/SM_Button.uasset" 145
"C:/Users/bewer/Desktop/RespawnTest/RespawnTest/Content/Models/DemoRoom/BluePrint/SM_Button.uexp" 146
"../../../Engine/Content/EngineMaterials/WorldGridMaterial.uasset" 147
"../../../Engine/Content/EngineMaterials/WorldGridMaterial.uexp" 148
"../../../Engine/Content/BasicShapes/Cube.uasset" 149
"../../../Engine/Content/BasicShapes/Cube.uexp" 150
"C:/Users/bewer/Desktop/RespawnTest/RespawnTest/Content/Models/DemoRoom/BluePrint/InteractionDemo/1B/Respawn.uasset" 151
"C:/Users/bewer/Desktop/RespawnTest/RespawnTest/Content/Models/DemoRoom/BluePrint/InteractionDemo/1B/Respawn.uexp" 152
"C:/Users/bewer/Desktop/RespawnTest/RespawnTest/Content/Models/DemoRoom/BluePrint/InteractionDemo/1B/Respawn_Mat.uasset" 153
"C:/Users/bewer/Desktop/RespawnTest/RespawnTest/Content/Models/DemoRoom/BluePrint/InteractionDemo/1B/Respawn_Mat.uexp" 154
"C:/Users/bewer/Desktop/RespawnTest/RespawnTest/Content/Models/DemoRoom/BluePrint/InteractionDemo/1B/1AExample.uasset" 155
"C:/Users/bewer/Desktop/RespawnTest/RespawnTest/Content/Models/DemoRoom/BluePrint/InteractionDemo/1B/1AExample.uexp" 156
"C:/Users/bewer/Desktop/RespawnTest/RespawnTest/Content/Models/DemoRoom/BluePrint/InteractionDemo/1A/1A.uasset" 157
"C:/Users/bewer/Desktop/RespawnTest/RespawnTest/Content/Models/DemoRoom/BluePrint/InteractionDemo/1A/1A.uexp" 158
"C:/Users/bewer/Desktop/RespawnTest/RespawnTest/Content/Models/DemoRoom/BluePrint/InteractionDemo/1A/1A_Mat.uasset" 159
"C:/Users/bewer/Desktop/RespawnTest/RespawnTest/Content/Models/DemoRoom/BluePrint/InteractionDemo/1A/1A_Mat.uexp" 160
"C:/Users/bewer/Desktop/RespawnTest/RespawnTest/Content/Models/DemoRoom/BluePrint/InteractionDemo/1C/96-962469_death-symbol-png.uasset" 161
"C:/Users/bewer/Desktop/RespawnTest/RespawnTest/Content/Models/DemoRoom/BluePrint/InteractionDemo/1C/96-962469_death-symbol-png.uexp" 162
"C:/Users/bewer/Desktop/RespawnTest/RespawnTest/Content/Models/DemoRoom/BluePrint/InteractionDemo/2A/emoji-5843434_1280.uasset" 163
"C:/Users/bewer/Desktop/RespawnTest/RespawnTest/Content/Models/DemoRoom/BluePrint/InteractionDemo/2A/emoji-5843434_1280.uexp" 164
"C:/Users/bewer/Desktop/RespawnTest/RespawnTest/Content/Models/Geometry/RampMaterial.uasset" 165
"C:/Users/bewer/Desktop/RespawnTest/RespawnTest/Content/Models/Geometry/RampMaterial.uexp" 166
"C:/Users/bewer/Desktop/RespawnTest/RespawnTest/Content/Models/Geometry/Bump_StaticMesh.uasset" 167
"C:/Users/bewer/Desktop/RespawnTest/RespawnTest/Content/Models/Geometry/Bump_StaticMesh.uexp" 168
"C:/Users/bewer/Desktop/RespawnTest/RespawnTest/Content/Models/Geometry/LeftArm_StaticMesh.uasset" 169
"C:/Users/bewer/Desktop/RespawnTest/RespawnTest/Content/Models/Geometry/LeftArm_StaticMesh.uexp" 170
"C:/Users/bewer/Desktop/RespawnTest/RespawnTest/Content/Models/Geometry/Linear_Stair_StaticMesh.uasset" 171
"C:/Users/bewer/Desktop/RespawnTest/RespawnTest/Content/Models/Geometry/Linear_Stair_StaticMesh.uexp" 172
"C:/Users/bewer/Desktop/RespawnTest/RespawnTest/Content/Models/Geometry/Ramp_StaticMesh.uasset" 173
"C:/Users/bewer/Desktop/RespawnTest/RespawnTest/Content/Models/Geometry/Ramp_StaticMesh.uexp" 174
"C:/Users/bewer/Desktop/RespawnTest/RespawnTest/Content/Models/Geometry/RightArm_StaticMesh.uasset" 175
"C:/Users/bewer/Desktop/RespawnTest/RespawnTest/Content/Models/Geometry/RightArm_StaticMesh.uexp" 176
"C:/Users/bewer/Desktop/RespawnTest/RespawnTest/Content/Models/Mannequin/Animations/ThirdPersonJump_End.uasset" 177
"C:/Users/bewer/Desktop/RespawnTest/RespawnTest/Content/Models/Mannequin/Animations/ThirdPersonJump_End.uexp" 178
"C:/Users/bewer/Desktop/RespawnTest/RespawnTest/Content/Models/Mannequin/Character/Mesh/SK_Mannequin_Female_PhysicsAsset.uasset" 179
"C:/Users/bewer/Desktop/RespawnTest/RespawnTest/Content/Models/Mannequin/Character/Mesh/SK_Mannequin_Female_PhysicsAsset.uexp" 180
"C:/Users/bewer/Desktop/RespawnTest/RespawnTest/Content/Models/Mannequin/Character/Textures/T_Female_N.uasset" 181
"C:/Users/bewer/Desktop/RespawnTest/RespawnTest/Content/Models/Mannequin/Character/Textures/T_Female_N.uexp" 182
"C:/Users/bewer/Desktop/RespawnTest/RespawnTest/Content/Models/Mannequin/Character/Textures/T_Female_N.ubulk" 183
"C:/Users/bewer/Desktop/RespawnTest/RespawnTest/Content/Models/Mannequin/Character/Textures/T_Female_Mask.uasset" 184
"C:/Users/bewer/Desktop/RespawnTest/RespawnTest/Content/Models/Mannequin/Character/Textures/T_Female_Mask.uexp" 185
"C:/Users/bewer/Desktop/RespawnTest/RespawnTest/Content/Models/Mannequin/Character/Textures/T_Female_Mask.ubulk" 186
"C:/Users/bewer/Desktop/RespawnTest/RespawnTest/Content/Models/Mannequin/Character/Materials/MI_Female_Body.uasset" 187
"C:/Users/bewer/Desktop/RespawnTest/RespawnTest/Content/Models/Mannequin/Character/Materials/MI_Female_Body.uexp" 188
"C:/Users/bewer/Desktop/RespawnTest/RespawnTest/Content/Models/Mannequin/Character/Mesh/SK_Mannequin_Female.uasset" 189
"C:/Users/bewer/Desktop/RespawnTest/RespawnTest/Content/Models/Mannequin/Character/Mesh/SK_Mannequin_Female.uexp" 190
"../../../Engine/Content/ArtTools/RenderToTexture/Meshes/S_1_Unit_Plane.uasset" 191
"../../../Engine/Content/ArtTools/RenderToTexture/Meshes/S_1_Unit_Plane.uexp" 192
"../../../Engine/Content/BasicShapes/Cone.uasset" 193
"../../../Engine/Content/BasicShapes/Cone.uexp" 194
"../../../Engine/Content/BasicShapes/Plane.uasset" 195
"../../../Engine/Content/BasicShapes/Plane.uexp" 196
"../../../Engine/Content/EditorLandscapeResources/DataLayer.uasset" 197
"../../../Engine/Content/EditorLandscapeResources/DataLayer.uexp" 198
"../../../Engine/Content/EditorLandscapeResources/DefaultAlphaTexture.uasset" 199
"../../../Engine/Content/EditorLandscapeResources/DefaultAlphaTexture.uexp" 200
"../../../Engine/Content/EditorMaterials/MAT_Groups_Toggle.uasset" 201
"../../../Engine/Content/EditorMaterials/MAT_Groups_Toggle.uexp" 202
"../../../Engine/Content/EditorMaterials/MAT_Groups_Visibility.uasset" 203
"../../../Engine/Content/EditorMaterials/MAT_Groups_Visibility.uexp" 204
"../../../Engine/Content/EditorMaterials/PreviewShadowIndicator.uasset" 205
"../../../Engine/Content/EditorMaterials/PreviewShadowIndicator.uexp" 206
"../../../Engine/Content/EditorMaterials/PreviewShadowIndicator.ubulk" 207
"../../../Engine/Content/EditorMaterials/PreviewShadowIndicatorMaterial.uasset" 208
"../../../Engine/Content/EditorMaterials/PreviewShadowIndicatorMaterial.uexp" 209
"../../../Engine/Content/EditorMaterials/MatineeGroups/MAT_ColorTrack.uasset" 210
"../../../Engine/Content/EditorMaterials/MatineeGroups/MAT_ColorTrack.uexp" 211
"../../../Engine/Content/EditorMaterials/MatineeGroups/MAT_Groups_Anim.uasset" 212
"../../../Engine/Content/EditorMaterials/MatineeGroups/MAT_Groups_Anim.uexp" 213
"../../../Engine/Content/EditorMaterials/MatineeGroups/MAT_Groups_AudioMaster.uasset" 214
"../../../Engine/Content/EditorMaterials/MatineeGroups/MAT_Groups_AudioMaster.uexp" 215
"../../../Engine/Content/EditorMaterials/MatineeGroups/MAT_Groups_Director.uasset" 216
"../../../Engine/Content/EditorMaterials/MatineeGroups/MAT_Groups_Director.uexp" 217
"../../../Engine/Content/EditorMaterials/MatineeGroups/MAT_Groups_Event.uasset" 218
"../../../Engine/Content/EditorMaterials/MatineeGroups/MAT_Groups_Event.uexp" 219
"../../../Engine/Content/EditorMaterials/MatineeGroups/MAT_Groups_Fade.uasset" 220
"../../../Engine/Content/EditorMaterials/MatineeGroups/MAT_Groups_Fade.uexp" 221
"../../../Engine/Content/EditorMaterials/MatineeGroups/MAT_Groups_Float.uasset" 222
"../../../Engine/Content/EditorMaterials/MatineeGroups/MAT_Groups_Float.uexp" 223
"../../../Engine/Content/EditorMaterials/MatineeGroups/MAT_Groups_Move.uasset" 224
"../../../Engine/Content/EditorMaterials/MatineeGroups/MAT_Groups_Move.uexp" 225
"../../../Engine/Content/EditorMaterials/MatineeGroups/MAT_Groups_Slomo.uasset" 226
"../../../Engine/Content/EditorMaterials/MatineeGroups/MAT_Groups_Slomo.uexp" 227
"../../../Engine/Content/EditorMaterials/MatineeGroups/MAT_Groups_Sound.uasset" 228
"../../../Engine/Content/EditorMaterials/MatineeGroups/MAT_Groups_Sound.uexp" 229
"../../../Engine/Content/EditorMaterials/MatineeGroups/MAT_Groups_Vector.uasset" 230
"../../../Engine/Content/EditorMaterials/MatineeGroups/MAT_Groups_Vector.uexp" 231
"../../../Engine/Content/EditorMaterials/ParticleSystems/PSysThumbnail_NoImage.uasset" 232
"../../../Engine/Content/EditorMaterials/ParticleSystems/PSysThumbnail_NoImage.uexp" 233
"../../../Engine/Content/EditorMaterials/ParticleSystems/PSysThumbnail_NoImage.ubulk" 234
"../../../Engine/Content/EditorMaterials/ParticleSystems/PSysThumbnail_OOD.uasset" 235
"../../../Engine/Content/EditorMaterials/ParticleSystems/PSysThumbnail_OOD.uexp" 236
"../../../Engine/Content/EditorMaterials/ParticleSystems/PSysThumbnail_OOD.ubulk" 237
"../../../Engine/Content/EditorMaterials/Camera/CineMat.uasset" 238
"../../../Engine/Content/EditorMaterials/Camera/CineMat.uexp" 239
"../../../Engine/Content/EditorMaterials/Camera/MI_CineMat_Rig.uasset" 240
"../../../Engine/Content/EditorMaterials/Camera/MI_CineMat_Rig.uexp" 241
"../../../Engine/Content/EditorMeshes/Camera/SM_CraneRig_Arm.uasset" 242
"../../../Engine/Content/EditorMeshes/Camera/SM_CraneRig_Arm.uexp" 243
"../../../Engine/Content/EditorMeshes/Camera/SM_CraneRig_Base.uasset" 244
"../../../Engine/Content/EditorMeshes/Camera/SM_CraneRig_Base.uexp" 245
"../../../Engine/Content/EditorMeshes/Camera/SM_CraneRig_Body.uasset" 246
"../../../Engine/Content/EditorMeshes/Camera/SM_CraneRig_Body.uexp" 247
"../../../Engine/Content/EditorMeshes/Camera/SM_CraneRig_Mount.uasset" 248
"../../../Engine/Content/EditorMeshes/Camera/SM_CraneRig_Mount.uexp" 249
"../../../Engine/Content/EditorMeshes/Camera/SM_RailRig_Mount.uasset" 250
"../../../Engine/Content/EditorMeshes/Camera/SM_RailRig_Mount.uexp" 251
"../../../Engine/Content/EditorMeshes/Camera/SM_RailRig_Track.uasset" 252
"../../../Engine/Content/EditorMeshes/Camera/SM_RailRig_Track.uexp" 253
"../../../Engine/Content/EditorResources/BSPVertex.uasset" 254
"../../../Engine/Content/EditorResources/BSPVertex.uexp" 255
"../../../Engine/Content/EditorResources/EmptyActor.uasset" 256
"../../../Engine/Content/EditorResources/EmptyActor.uexp" 257
"../../../Engine/Content/EditorResources/S_Actor.uasset" 258
"../../../Engine/Content/EditorResources/S_Actor.uexp" 259
"../../../Engine/Content/EditorResources/S_Actor.ubulk" 260
"../../../Engine/Content/EditorResources/S_Note.uasset" 261
"../../../Engine/Content/EditorResources/S_Note.uexp" 262
"../../../Engine/Content/EditorResources/S_Note.ubulk" 263
"../../../Engine/Content/EditorResources/S_Solver.uasset" 264
"../../../Engine/Content/EditorResources/S_Solver.uexp" 265
"../../../Engine/Content/EditorResources/S_Solver.ubulk" 266
"../../../Engine/Content/EditorResources/S_Terrain.uasset" 267
"../../../Engine/Content/EditorResources/S_Terrain.uexp" 268
"../../../Engine/Content/EditorResources/S_Terrain.ubulk" 269
"../../../Engine/Content/EditorResources/S_Trigger.uasset" 270
"../../../Engine/Content/EditorResources/S_Trigger.uexp" 271
"../../../Engine/Content/EditorResources/S_Trigger.ubulk" 272
"../../../Engine/Content/EditorResources/LightIcons/S_LightError.uasset" 273
"../../../Engine/Content/EditorResources/LightIcons/S_LightError.uexp" 274
"../../../Engine/Content/EditorResources/SequenceRecorder/Countdown.uasset" 275
"../../../Engine/Content/EditorResources/SequenceRecorder/Countdown.uexp" 276
"../../../Engine/Content/EditorResources/SequenceRecorder/RecordingIndicator.uasset" 277
"../../../Engine/Content/EditorResources/SequenceRecorder/RecordingIndicator.uexp" 278
"../../../Engine/Content/EngineDamageTypes/DmgTypeBP_Environmental.uasset" 279
"../../../Engine/Content/EngineDamageTypes/DmgTypeBP_Environmental.uexp" 280
"../../../Engine/Content/EngineDebugMaterials/DebugEditorMaterial.uasset" 281
"../../../Engine/Content/EngineDebugMaterials/DebugEditorMaterial.uexp" 282
"../../../Engine/Content/EngineDebugMaterials/DebugMeshMaterial.uasset" 283
"../../../Engine/Content/EngineDebugMaterials/DebugMeshMaterial.uexp" 284
"../../../Engine/Content/EngineDebugMaterials/M_SimpleUnlitTranslucent.uasset" 285
"../../../Engine/Content/EngineDebugMaterials/M_SimpleUnlitTranslucent.uexp" 286
"../../../Engine/Content/EngineDebugMaterials/VolumeToRender.uasset" 287
"../../../Engine/Content/EngineDebugMaterials/VolumeToRender.uexp" 288
"../../../Engine/Content/Functions/Engine_MaterialFunctions02/Utility/CameraDirectionVector.uasset" 289
"../../../Engine/Content/Functions/Engine_MaterialFunctions02/Utility/CameraDirectionVector.uexp" 290
"../../../Engine/Content/EngineDebugMaterials/M_VolumeRenderSphereTracePP.uasset" 291
"../../../Engine/Content/EngineDebugMaterials/M_VolumeRenderSphereTracePP.uexp" 292
"../../../Engine/Content/Functions/Engine_MaterialFunctions01/Shading/ConvertFromDiffSpec.uasset" 293
"../../../Engine/Content/Functions/Engine_MaterialFunctions01/Shading/ConvertFromDiffSpec.uexp" 294
"../../../Engine/Content/EngineDebugMaterials/VertexColorMaterial.uasset" 295
"../../../Engine/Content/EngineDebugMaterials/VertexColorMaterial.uexp" 296
"../../../Engine/Content/EngineDebugMaterials/WireframeMaterial.uasset" 297
"../../../Engine/Content/EngineDebugMaterials/WireframeMaterial.uexp" 298
"../../../Engine/Content/EngineFonts/Faces/RobotoRegular.uasset" 299
"../../../Engine/Content/EngineFonts/Faces/RobotoRegular.uexp" 300
"../../../Engine/Content/EngineFonts/Faces/RobotoRegular.ufont" 301
"../../../Engine/Content/EngineFonts/Faces/RobotoLight.uasset" 302
"../../../Engine/Content/EngineFonts/Faces/RobotoLight.uexp" 303
"../../../Engine/Content/EngineFonts/Faces/RobotoLight.ufont" 304
"../../../Engine/Content/EngineFonts/Faces/RobotoItalic.uasset" 305
"../../../Engine/Content/EngineFonts/Faces/RobotoItalic.uexp" 306
"../../../Engine/Content/EngineFonts/Faces/RobotoItalic.ufont" 307
"../../../Engine/Content/EngineFonts/Faces/RobotoBoldItalic.uasset" 308
"../../../Engine/Content/EngineFonts/Faces/RobotoBoldItalic.uexp" 309
"../../../Engine/Content/EngineFonts/Faces/RobotoBoldItalic.ufont" 310
"../../../Engine/Content/EngineFonts/Faces/RobotoBold.uasset" 311
"../../../Engine/Content/EngineFonts/Faces/RobotoBold.uexp" 312
"../../../Engine/Content/EngineFonts/Faces/RobotoBold.ufont" 313
"../../../Engine/Content/EngineFonts/Faces/DroidSansFallback.uasset" 314
"../../../Engine/Content/EngineFonts/Faces/DroidSansFallback.uexp" 315
"../../../Engine/Content/EngineFonts/Faces/DroidSansFallback.ufont" 316
"../../../Engine/Content/EngineFonts/Roboto.uasset" 317
"../../../Engine/Content/EngineFonts/Roboto.uexp" 318
"../../../Engine/Content/EngineMaterials/BaseFlattenNormalMap.uasset" 319
"../../../Engine/Content/EngineMaterials/BaseFlattenNormalMap.uexp" 320
"../../../Engine/Content/EngineMaterials/BaseFlattenGrayscaleMap.uasset" 321
"../../../Engine/Content/EngineMaterials/BaseFlattenGrayscaleMap.uexp" 322
"../../../Engine/Content/EngineMaterials/BaseFlattenEmissiveMap.uasset" 323
"../../../Engine/Content/EngineMaterials/BaseFlattenEmissiveMap.uexp" 324
"../../../Engine/Content/EngineMaterials/BaseFlattenDiffuseMap.uasset" 325
"../../../Engine/Content/EngineMaterials/BaseFlattenDiffuseMap.uexp" 326
"../../../Engine/Content/EngineMaterials/BaseFlattenMaterial.uasset" 327
"../../../Engine/Content/EngineMaterials/BaseFlattenMaterial.uexp" 328
"../../../Engine/Content/EngineMaterials/BlueNoise.uasset" 329
"../../../Engine/Content/EngineMaterials/BlueNoise.uexp" 330
"../../../Engine/Content/EngineMaterials/DefaultBloomKernel.uasset" 331
"../../../Engine/Content/EngineMaterials/DefaultBloomKernel.uexp" 332
"../../../Engine/Content/EngineMaterials/DefaultBokeh.uasset" 333
"../../../Engine/Content/EngineMaterials/DefaultBokeh.uexp" 334
"../../../Engine/Content/EngineMaterials/DefaultDiffuse.uasset" 335
"../../../Engine/Content/EngineMaterials/DefaultDiffuse.uexp" 336
"../../../Engine/Content/EngineMaterials/DefaultDiffuse.ubulk" 337
"../../../Engine/Content/EngineMaterials/DefaultDeferredDecalMaterial.uasset" 338
"../../../Engine/Content/EngineMaterials/DefaultDeferredDecalMaterial.uexp" 339
"../../../Engine/Content/EngineMaterials/DefaultLightFunctionMaterial.uasset" 340
"../../../Engine/Content/EngineMaterials/DefaultLightFunctionMaterial.uexp" 341
"../../../Engine/Content/EngineMaterials/DefaultPhysicalMaterial.uasset" 342
"../../../Engine/Content/EngineMaterials/DefaultPhysicalMaterial.uexp" 343
"../../../Engine/Content/Functions/Engine_MaterialFunctions02/Utility/BreakOutFloat2Components.uasset" 344
"../../../Engine/Content/Functions/Engine_MaterialFunctions02/Utility/BreakOutFloat2Components.uexp" 345
"../../../Engine/Content/EngineMaterials/DefaultPostProcessMaterial.uasset" 346
"../../../Engine/Content/EngineMaterials/DefaultPostProcessMaterial.uexp" 347
"../../../Engine/Content/EngineMaterials/DefaultWhiteGrid.uasset" 348
"../../../Engine/Content/EngineMaterials/DefaultWhiteGrid.uexp" 349
"../../../Engine/Content/EngineMaterials/DefaultWhiteGrid.ubulk" 350
"../../../Engine/Content/EngineMaterials/DefaultWhiteGrid_Low.uasset" 351
"../../../Engine/Content/EngineMaterials/DefaultWhiteGrid_Low.uexp" 352
"../../../Engine/Content/EngineMaterials/EmissiveMeshMaterial.uasset" 353
"../../../Engine/Content/EngineMaterials/EmissiveMeshMaterial.uexp" 354
"../../../Engine/Content/EngineMaterials/GizmoMaterial.uasset" 355
"../../../Engine/Content/EngineMaterials/GizmoMaterial.uexp" 356
"../../../Engine/Content/EngineMaterials/Good64x64TilingNoiseHighFreq.uasset" 357
"../../../Engine/Content/EngineMaterials/Good64x64TilingNoiseHighFreq.uexp" 358
"../../../Engine/Content/EngineMaterials/MiniFont.uasset" 359
"../../../Engine/Content/EngineMaterials/MiniFont.uexp" 360
"../../../Engine/Content/EngineMaterials/InvalidLightmapSettings.uasset" 361
"../../../Engine/Content/EngineMaterials/InvalidLightmapSettings.uexp" 362
"../../../Engine/Content/EngineMaterials/InvalidLightmapSettings.ubulk" 363
"../../../Engine/Content/EngineMaterials/M_InvalidLightmapSettings.uasset" 364
"../../../Engine/Content/EngineMaterials/M_InvalidLightmapSettings.uexp" 365
"../../../Engine/Content/Functions/Engine_MaterialFunctions02/WorldPositionOffset/CameraOffset.uasset" 366
"../../../Engine/Content/Functions/Engine_MaterialFunctions02/WorldPositionOffset/CameraOffset.uexp" 367
"../../../Engine/Content/EngineMaterials/PhAT_JointLimitMaterial.uasset" 368
"../../../Engine/Content/EngineMaterials/PhAT_JointLimitMaterial.uexp" 369
"../../../Engine/Content/EngineMaterials/DefaultCalibrationColor.uasset" 370
"../../../Engine/Content/EngineMaterials/DefaultCalibrationColor.uexp" 371
"../../../Engine/Content/EngineMaterials/PPM_DefaultCalibrationColor.uasset" 372
"../../../Engine/Content/EngineMaterials/PPM_DefaultCalibrationColor.uexp" 373
"../../../Engine/Content/EngineMaterials/DefaultCalibrationGrayscale.uasset" 374
"../../../Engine/Content/EngineMaterials/DefaultCalibrationGrayscale.uexp" 375
"../../../Engine/Content/EngineMaterials/PPM_DefaultCalibrationGrayscale.uasset" 376
"../../../Engine/Content/EngineMaterials/PPM_DefaultCalibrationGrayscale.uexp" 377
"../../../Engine/Content/EngineMaterials/PreintegratedSkinBRDF.uasset" 378
"../../../Engine/Content/EngineMaterials/PreintegratedSkinBRDF.uexp" 379
"../../../Engine/Content/EngineMaterials/RemoveSurfaceMaterial.uasset" 380
"../../../Engine/Content/EngineMaterials/RemoveSurfaceMaterial.uexp" 381
"../../../Engine/Content/EngineMaterials/WeightMapPlaceholderTexture.uasset" 382
"../../../Engine/Content/EngineMaterials/WeightMapPlaceholderTexture.uexp" 383
"../../../Engine/Content/EngineResources/WhiteSquareTexture.uasset" 384
"../../../Engine/Content/EngineResources/WhiteSquareTexture.uexp" 385
"../../../Engine/Content/EngineMaterials/Widget3DPassThrough.uasset" 386
"../../../Engine/Content/EngineMaterials/Widget3DPassThrough.uexp" 387
"../../../Engine/Content/EngineMaterials/Widget3DPassThrough_Masked.uasset" 388
"../../../Engine/Content/EngineMaterials/Widget3DPassThrough_Masked.uexp" 389
"../../../Engine/Content/EngineMaterials/Widget3DPassThrough_Opaque.uasset" 390
"../../../Engine/Content/EngineMaterials/Widget3DPassThrough_Opaque.uexp" 391
"../../../Engine/Content/EngineMaterials/Widget3DPassThrough_Masked_OneSided.uasset" 392
"../../../Engine/Content/EngineMaterials/Widget3DPassThrough_Masked_OneSided.uexp" 393
"../../../Engine/Content/EngineMaterials/Widget3DPassThrough_Opaque_OneSided.uasset" 394
"../../../Engine/Content/EngineMaterials/Widget3DPassThrough_Opaque_OneSided.uexp" 395
"../../../Engine/Content/EngineMaterials/Widget3DPassThrough_Translucent.uasset" 396
"../../../Engine/Content/EngineMaterials/Widget3DPassThrough_Translucent.uexp" 397
"../../../Engine/Content/EngineMaterials/Widget3DPassThrough_Translucent_OneSided.uasset" 398
"../../../Engine/Content/EngineMaterials/Widget3DPassThrough_Translucent_OneSided.uexp" 399
"../../../Engine/Content/EngineMeshes/Cylinder.uasset" 400
"../../../Engine/Content/EngineMeshes/Cylinder.uexp" 401
"../../../Engine/Content/EngineMeshes/Sphere.uasset" 402
"../../../Engine/Content/EngineMeshes/Sphere.uexp" 403
"../../../Engine/Content/EngineResources/DefaultTexture.uasset" 404
"../../../Engine/Content/EngineResources/DefaultTexture.uexp" 405
"../../../Engine/Content/EngineResources/DefaultTexture.ubulk" 406
"../../../Engine/Content/EngineResources/DefaultTextureCube.uasset" 407
"../../../Engine/Content/EngineResources/DefaultTextureCube.uexp" 408
"../../../Engine/Content/EngineResources/DefaultVolumeTexture2D.uasset" 409
"../../../Engine/Content/EngineResources/DefaultVolumeTexture2D.uexp" 410
"../../../Engine/Content/EngineResources/DefaultVolumeTexture.uasset" 411
"../../../Engine/Content/EngineResources/DefaultVolumeTexture.uexp" 412
"../../../Engine/Content/EngineResources/GradientTexture0.uasset" 413
"../../../Engine/Content/EngineResources/GradientTexture0.uexp" 414
"../../../Engine/Content/EngineSky/VolumetricClouds/T_NoiseShape64.uasset" 415
"../../../Engine/Content/EngineSky/VolumetricClouds/T_NoiseShape64.uexp" 416
"../../../Engine/Content/EngineSky/VolumetricClouds/T_NoiseShape64.ubulk" 417
"../../../Engine/Content/EngineSky/VolumetricClouds/T_VolumeNoiseShape64.uasset" 418
"../../../Engine/Content/EngineSky/VolumetricClouds/T_VolumeNoiseShape64.uexp" 419
"../../../Engine/Content/EngineSky/VolumetricClouds/T_NoiseErosion.uasset" 420
"../../../Engine/Content/EngineSky/VolumetricClouds/T_NoiseErosion.uexp" 421
"../../../Engine/Content/EngineSky/VolumetricClouds/T_NoiseErosion.ubulk" 422
"../../../Engine/Content/EngineSky/VolumetricClouds/T_VolumeNoiseErosion32.uasset" 423
"../../../Engine/Content/EngineSky/VolumetricClouds/T_VolumeNoiseErosion32.uexp" 424
"../../../Engine/Content/EngineSky/VolumetricClouds/CloudWeatherTexture.uasset" 425
"../../../Engine/Content/EngineSky/VolumetricClouds/CloudWeatherTexture.uexp" 426
"../../../Engine/Content/EngineSky/VolumetricClouds/CloudGradientTexture.uasset" 427
"../../../Engine/Content/EngineSky/VolumetricClouds/CloudGradientTexture.uexp" 428
"../../../Engine/Content/Functions/Engine_MaterialFunctions02/Utility/MakeFloat2.uasset" 429
"../../../Engine/Content/Functions/Engine_MaterialFunctions02/Utility/MakeFloat2.uexp" 430
"../../../Engine/Content/EngineSky/VolumetricClouds/m_SimpleVolumetricCloud.uasset" 431
"../../../Engine/Content/EngineSky/VolumetricClouds/m_SimpleVolumetricCloud.uexp" 432
"../../../Engine/Content/EngineSky/VolumetricClouds/m_SimpleVolumetricCloud_Inst.uasset" 433
"../../../Engine/Content/EngineSky/VolumetricClouds/m_SimpleVolumetricCloud_Inst.uexp" 434
"../../../Engine/Content/EngineSounds/Master.uasset" 435
"../../../Engine/Content/EngineSounds/Master.uexp" 436
"../../../Engine/Content/Functions/Engine_MaterialFunctions01/Shading/PowerToRoughness.uasset" 437
"../../../Engine/Content/Functions/Engine_MaterialFunctions01/Shading/PowerToRoughness.uexp" 438
"../../../Engine/Content/Maps/Templates/Thumbnails/Default.uasset" 439
"../../../Engine/Content/Maps/Templates/Thumbnails/Default.uexp" 440
"../../../Engine/Content/Maps/Templates/Thumbnails/TimeOfDay.uasset" 441
"../../../Engine/Content/Maps/Templates/Thumbnails/TimeOfDay.uexp" 442
"../../../Engine/Content/Maps/Templates/Thumbnails/VR-Basic.uasset" 443
"../../../Engine/Content/Maps/Templates/Thumbnails/VR-Basic.uexp" 444
"../../../Engine/Content/MobileResources/T_MobileControls_texture.uasset" 445
"../../../Engine/Content/MobileResources/T_MobileControls_texture.uexp" 446
"../../../Engine/Content/MobileResources/T_MobileMenu2.uasset" 447
"../../../Engine/Content/MobileResources/T_MobileMenu2.uexp" 448
"../../../Engine/Content/MobileResources/HUD/AnalogHat.uasset" 449
"../../../Engine/Content/MobileResources/HUD/AnalogHat.uexp" 450
"../../../Engine/Content/MobileResources/HUD/VirtualJoystick_Thumb.uasset" 451
"../../../Engine/Content/MobileResources/HUD/VirtualJoystick_Thumb.uexp" 452
"../../../Engine/Content/MobileResources/HUD/VirtualJoystick_Background.uasset" 453
"../../../Engine/Content/MobileResources/HUD/VirtualJoystick_Background.uexp" 454
"../../../Engine/Content/MobileResources/HUD/DefaultVirtualJoysticks.uasset" 455
"../../../Engine/Content/MobileResources/HUD/DefaultVirtualJoysticks.uexp" 456
"../../../Engine/Content/MobileResources/HUD/LeftVirtualJoystickOnly.uasset" 457
"../../../Engine/Content/MobileResources/HUD/LeftVirtualJoystickOnly.uexp" 458
"../../../Engine/Content/MobileResources/HUD/MobileHUDButton1_off.uasset" 459
"../../../Engine/Content/MobileResources/HUD/MobileHUDButton1_off.uexp" 460
"../../../Engine/Content/MobileResources/HUD/MobileHUDButton1_on.uasset" 461
"../../../Engine/Content/MobileResources/HUD/MobileHUDButton1_on.uexp" 462
"../../../Engine/Content/MobileResources/HUD/MobileHUDButton2_off.uasset" 463
"../../../Engine/Content/MobileResources/HUD/MobileHUDButton2_off.uexp" 464
"../../../Engine/Content/MobileResources/HUD/MobileHUDButton2_on.uasset" 465
"../../../Engine/Content/MobileResources/HUD/MobileHUDButton2_on.uexp" 466
"../../../Engine/Content/MobileResources/HUD/MobileHUDButton3.uasset" 467
"../../../Engine/Content/MobileResources/HUD/MobileHUDButton3.uexp" 468
"../../../Engine/Content/MobileResources/HUD/MobileHUDButtonFire.uasset" 469
"../../../Engine/Content/MobileResources/HUD/MobileHUDButtonFire.uexp" 470
"../../../Engine/Content/MobileResources/HUD/MobileHUDDirectionPad.uasset" 471
"../../../Engine/Content/MobileResources/HUD/MobileHUDDirectionPad.uexp" 472
"../../../Engine/Content/MobileResources/HUD/MobileHUDDirectionPad2.uasset" 473
"../../../Engine/Content/MobileResources/HUD/MobileHUDDirectionPad2.uexp" 474
"../../../Engine/Content/MobileResources/HUD/MobileHUDDirectionPad3.uasset" 475
"../../../Engine/Content/MobileResources/HUD/MobileHUDDirectionPad3.uexp" 476
"../../../Engine/Content/MobileResources/HUD/MobileHUDDirectionStick.uasset" 477
"../../../Engine/Content/MobileResources/HUD/MobileHUDDirectionStick.uexp" 478
"../../../Engine/Content/MobileResources/HUD/T_Castle_ThumbstickInner.uasset" 479
"../../../Engine/Content/MobileResources/HUD/T_Castle_ThumbstickInner.uexp" 480
"../../../Engine/Content/MobileResources/HUD/T_Castle_ThumbstickOutter.uasset" 481
"../../../Engine/Content/MobileResources/HUD/T_Castle_ThumbstickOutter.uexp" 482
"../../../Engine/Content/Tutorial/ContentIntroCurve.uasset" 483
"../../../Engine/Content/Tutorial/ContentIntroCurve.uexp" 484
"../../../Engine/Content/VREditor/TransformGizmo/TranslucentTransformGizmoMaterial.uasset" 485
"../../../Engine/Content/VREditor/TransformGizmo/TranslucentTransformGizmoMaterial.uexp" 486
"../../../Engine/Content/VREditor/LaserPointer/VR_LaserPower_01.uasset" 487
"../../../Engine/Content/VREditor/LaserPointer/VR_LaserPower_01.uexp" 488
"../../../Engine/Content/VREditor/LaserPointer/VR_LaserPower_01.ubulk" 489
"../../../Engine/Content/VREditor/TransformGizmo/TransformGizmoMaterial.uasset" 490
"../../../Engine/Content/VREditor/TransformGizmo/TransformGizmoMaterial.uexp" 491
"../../../Engine/Content/VREditor/TransformGizmo/BoundingBoxCorner.uasset" 492
"../../../Engine/Content/VREditor/TransformGizmo/BoundingBoxCorner.uexp" 493
"../../../Engine/Content/VREditor/TransformGizmo/BoundingBoxEdge.uasset" 494
"../../../Engine/Content/VREditor/TransformGizmo/BoundingBoxEdge.uexp" 495
"../../../Engine/Content/VREditor/TransformGizmo/PlaneTranslationHandle.uasset" 496
"../../../Engine/Content/VREditor/TransformGizmo/PlaneTranslationHandle.uexp" 497
"../../../Engine/Content/VREditor/TransformGizmo/Xray.uasset" 498
"../../../Engine/Content/VREditor/TransformGizmo/Xray.uexp" 499
"../../../Engine/Content/VREditor/TransformGizmo/Main.uasset" 500
"../../../Engine/Content/VREditor/TransformGizmo/Main.uexp" 501
"../../../Engine/Content/VREditor/TransformGizmo/SM_Sequencer_Key.uasset" 502
"../../../Engine/Content/VREditor/TransformGizmo/SM_Sequencer_Key.uexp" 503
"../../../Engine/Content/VREditor/TransformGizmo/SM_Sequencer_Node.uasset" 504
"../../../Engine/Content/VREditor/TransformGizmo/SM_Sequencer_Node.uexp" 505
"../../../Engine/Plugins/2D/Paper2D/Content/PlaceholderTextures/DummySpriteTexture.uasset" 506
"../../../Engine/Plugins/2D/Paper2D/Content/PlaceholderTextures/DummySpriteTexture.uexp" 507
"../../../Engine/Plugins/2D/Paper2D/Content/PlaceholderTextures/DummySpriteTexture.ubulk" 508
"../../../Engine/Plugins/2D/Paper2D/Content/DummySprite.uasset" 509
"../../../Engine/Plugins/2D/Paper2D/Content/DummySprite.uexp" 510
"../../../Engine/Plugins/2D/Paper2D/Content/DefaultPaperTerrainMaterial.uasset" 511
"../../../Engine/Plugins/2D/Paper2D/Content/DefaultPaperTerrainMaterial.uexp" 512
"../../../Engine/Plugins/2D/Paper2D/Content/DefaultSpriteMaterial.uasset" 513
"../../../Engine/Plugins/2D/Paper2D/Content/DefaultSpriteMaterial.uexp" 514
"../../../Engine/Plugins/2D/Paper2D/Content/MaskedUnlitSpriteMaterial.uasset" 515
"../../../Engine/Plugins/2D/Paper2D/Content/MaskedUnlitSpriteMaterial.uexp" 516
"../../../Engine/Plugins/2D/Paper2D/Content/OpaqueUnlitSpriteMaterial.uasset" 517
"../../../Engine/Plugins/2D/Paper2D/Content/OpaqueUnlitSpriteMaterial.uexp" 518
"../../../Engine/Content/Functions/Engine_MaterialFunctions02/Utility/BreakOutFloat3Components.uasset" 519
"../../../Engine/Content/Functions/Engine_MaterialFunctions02/Utility/BreakOutFloat3Components.uexp" 520
"../../../Engine/Plugins/Editor/SpeedTreeImporter/Content/SpeedTree9/UnpackInteger3.uasset" 521
"../../../Engine/Plugins/Editor/SpeedTreeImporter/Content/SpeedTree9/UnpackInteger3.uexp" 522
"../../../Engine/Plugins/Editor/SpeedTreeImporter/Content/SpeedTree9/UnpackDirection.uasset" 523
"../../../Engine/Plugins/Editor/SpeedTreeImporter/Content/SpeedTree9/UnpackDirection.uexp" 524
"../../../Engine/Plugins/Editor/SpeedTreeImporter/Content/SpeedTree9/game_wind_noise.uasset" 525
"../../../Engine/Plugins/Editor/SpeedTreeImporter/Content/SpeedTree9/game_wind_noise.uexp" 526
"../../../Engine/Plugins/Editor/SpeedTreeImporter/Content/SpeedTree9/game_wind_noise.ubulk" 527
"../../../Engine/Content/Functions/Engine_MaterialFunctions02/SafeNormalize.uasset" 528
"../../../Engine/Content/Functions/Engine_MaterialFunctions02/SafeNormalize.uexp" 529
"../../../Engine/Plugins/Editor/SpeedTreeImporter/Content/SpeedTree9/SpeedTreeWindMotion.uasset" 530
"../../../Engine/Plugins/Editor/SpeedTreeImporter/Content/SpeedTree9/SpeedTreeWindMotion.uexp" 531
"../../../Engine/Plugins/Editor/SpeedTreeImporter/Content/SpeedTree9/SpeedTreeBranchMotion.uasset" 532
"../../../Engine/Plugins/Editor/SpeedTreeImporter/Content/SpeedTree9/SpeedTreeBranchMotion.uexp" 533
"../../../Engine/Content/Functions/Engine_MaterialFunctions02/ObjectLocalBounds.uasset" 534
"../../../Engine/Content/Functions/Engine_MaterialFunctions02/ObjectLocalBounds.uexp" 535
"../../../Engine/Content/Functions/Engine_MaterialFunctions02/UVs/BoundingBoxBased_0-1_UVW.uasset" 536
"../../../Engine/Content/Functions/Engine_MaterialFunctions02/UVs/BoundingBoxBased_0-1_UVW.uexp" 537
"../../../Engine/Content/Functions/Engine_MaterialFunctions02/Utility/VectorLength.uasset" 538
"../../../Engine/Content/Functions/Engine_MaterialFunctions02/Utility/VectorLength.uexp" 539
"../../../Engine/Content/Functions/Engine_MaterialFunctions02/WorldPositionOffset/ObjectScale.uasset" 540
"../../../Engine/Content/Functions/Engine_MaterialFunctions02/WorldPositionOffset/ObjectScale.uexp" 541
"../../../Engine/Plugins/Editor/SpeedTreeImporter/Content/SpeedTree9/SpeedTreeWind.uasset" 542
"../../../Engine/Plugins/Editor/SpeedTreeImporter/Content/SpeedTree9/SpeedTreeWind.uexp" 543
"../../../Engine/Plugins/Editor/SpeedTreeImporter/Content/SpeedTree9/SpeedTreeBillboard.uasset" 544
"../../../Engine/Plugins/Editor/SpeedTreeImporter/Content/SpeedTree9/SpeedTreeBillboard.uexp" 545
"../../../Engine/Plugins/Editor/SpeedTreeImporter/Content/SpeedTree9/EmptyNormal.uasset" 546
"../../../Engine/Plugins/Editor/SpeedTreeImporter/Content/SpeedTree9/EmptyNormal.uexp" 547
"../../../Engine/Plugins/Editor/SpeedTreeImporter/Content/SpeedTree9/Empty.uasset" 548
"../../../Engine/Plugins/Editor/SpeedTreeImporter/Content/SpeedTree9/Empty.uexp" 549
"../../../Engine/Plugins/Editor/SpeedTreeImporter/Content/SpeedTree9/SpeedTreeBillboardMaster.uasset" 550
"../../../Engine/Plugins/Editor/SpeedTreeImporter/Content/SpeedTree9/SpeedTreeBillboardMaster.uexp" 551
"../../../Engine/Plugins/Editor/SpeedTreeImporter/Content/SpeedTree9/SpeedTreeCameraFacing.uasset" 552
"../../../Engine/Plugins/Editor/SpeedTreeImporter/Content/SpeedTree9/SpeedTreeCameraFacing.uexp" 553
"../../../Engine/Plugins/Editor/SpeedTreeImporter/Content/SpeedTree9/SpeedTreeMaster.uasset" 554
"../../../Engine/Plugins/Editor/SpeedTreeImporter/Content/SpeedTree9/SpeedTreeMaster.uexp" 555
"../../../Engine/Content/BasicShapes/Cylinder.uasset" 556
"../../../Engine/Content/BasicShapes/Cylinder.uexp" 557
"../../../Engine/Content/ArtTools/RenderToTexture/Materials/Debug/M_Emissive_Color.uasset" 558
"../../../Engine/Content/ArtTools/RenderToTexture/Materials/Debug/M_Emissive_Color.uexp" 559
"../../../Engine/Plugins/Lumin/MagicLeapPassableWorld/Content/MagicLeapARPinInfoActor.uasset" 560
"../../../Engine/Plugins/Lumin/MagicLeapPassableWorld/Content/MagicLeapARPinInfoActor.uexp" 561
"../../../Engine/Plugins/Runtime/OpenXR/Content/Devices/GoogleDaydream/MRTexture.uasset" 562
"../../../Engine/Plugins/Runtime/OpenXR/Content/Devices/GoogleDaydream/MRTexture.uexp" 563
"../../../Engine/Plugins/Runtime/OpenXR/Content/Devices/GoogleDaydream/MRTexture.ubulk" 564
"../../../Engine/Plugins/Runtime/OpenXR/Content/Devices/GoogleDaydream/BaseTexture.uasset" 565
"../../../Engine/Plugins/Runtime/OpenXR/Content/Devices/GoogleDaydream/BaseTexture.uexp" 566
"../../../Engine/Plugins/Runtime/OpenXR/Content/Devices/GoogleDaydream/BaseTexture.ubulk" 567
"../../../Engine/Content/EngineResources/Black.uasset" 568
"../../../Engine/Content/EngineResources/Black.uexp" 569
"../../../Engine/Plugins/Runtime/OpenXR/Content/Devices/M_XRController.uasset" 570
"../../../Engine/Plugins/Runtime/OpenXR/Content/Devices/M_XRController.uexp" 571
"../../../Engine/Plugins/Runtime/OpenXR/Content/Devices/GoogleDaydream/MI_GoogleDaydream.uasset" 572
"../../../Engine/Plugins/Runtime/OpenXR/Content/Devices/GoogleDaydream/MI_GoogleDaydream.uexp" 573
"../../../Engine/Plugins/Runtime/OpenXR/Content/Devices/GoogleDaydream/GoogleDaydreamController.uasset" 574
"../../../Engine/Plugins/Runtime/OpenXR/Content/Devices/GoogleDaydream/GoogleDaydreamController.uexp" 575
"../../../Engine/Plugins/Runtime/OpenXR/Content/Devices/HTCVive/BaseTexture.uasset" 576
"../../../Engine/Plugins/Runtime/OpenXR/Content/Devices/HTCVive/BaseTexture.uexp" 577
"../../../Engine/Plugins/Runtime/OpenXR/Content/Devices/HTCVive/BaseTexture.ubulk" 578
"../../../Engine/Plugins/Runtime/OpenXR/Content/Devices/HTCVive/MI_HTCVive.uasset" 579
"../../../Engine/Plugins/Runtime/OpenXR/Content/Devices/HTCVive/MI_HTCVive.uexp" 580
"../../../Engine/Plugins/Runtime/OpenXR/Content/Devices/HTCVive/HTCViveController.uasset" 581
"../../../Engine/Plugins/Runtime/OpenXR/Content/Devices/HTCVive/HTCViveController.uexp" 582
"../../../Engine/Plugins/Runtime/OpenXR/Content/Devices/MicrosoftMixedReality/NormalTexture.uasset" 583
"../../../Engine/Plugins/Runtime/OpenXR/Content/Devices/MicrosoftMixedReality/NormalTexture.uexp" 584
"../../../Engine/Plugins/Runtime/OpenXR/Content/Devices/MicrosoftMixedReality/NormalTexture.ubulk" 585
"../../../Engine/Plugins/Runtime/OpenXR/Content/Devices/MicrosoftMixedReality/MRTexture.uasset" 586
"../../../Engine/Plugins/Runtime/OpenXR/Content/Devices/MicrosoftMixedReality/MRTexture.uexp" 587
"../../../Engine/Plugins/Runtime/OpenXR/Content/Devices/MicrosoftMixedReality/MRTexture.ubulk" 588
"../../../Engine/Plugins/Runtime/OpenXR/Content/Devices/MicrosoftMixedReality/EmissiveTexture.uasset" 589
"../../../Engine/Plugins/Runtime/OpenXR/Content/Devices/MicrosoftMixedReality/EmissiveTexture.uexp" 590
"../../../Engine/Plugins/Runtime/OpenXR/Content/Devices/MicrosoftMixedReality/EmissiveTexture.ubulk" 591
"../../../Engine/Plugins/Runtime/OpenXR/Content/Devices/MicrosoftMixedReality/BaseTexture.uasset" 592
"../../../Engine/Plugins/Runtime/OpenXR/Content/Devices/MicrosoftMixedReality/BaseTexture.uexp" 593
"../../../Engine/Plugins/Runtime/OpenXR/Content/Devices/MicrosoftMixedReality/BaseTexture.ubulk" 594
"../../../Engine/Plugins/Runtime/OpenXR/Content/Devices/MicrosoftMixedReality/MI_MicrosoftMixedReality.uasset" 595
"../../../Engine/Plugins/Runtime/OpenXR/Content/Devices/MicrosoftMixedReality/MI_MicrosoftMixedReality.uexp" 596
"../../../Engine/Plugins/Runtime/OpenXR/Content/Devices/MicrosoftMixedReality/Left/left_MicrosoftMixedRealityController.uasset" 597
"../../../Engine/Plugins/Runtime/OpenXR/Content/Devices/MicrosoftMixedReality/Left/left_MicrosoftMixedRealityController.uexp" 598
"../../../Engine/Plugins/Runtime/OpenXR/Content/Devices/MicrosoftMixedReality/Right/right_MicrosoftMixedRealityController.uasset" 599
"../../../Engine/Plugins/Runtime/OpenXR/Content/Devices/MicrosoftMixedReality/Right/right_MicrosoftMixedRealityController.uexp" 600
"../../../Engine/Plugins/Runtime/OpenXR/Content/Devices/OculusGo/BaseTexture.uasset" 601
"../../../Engine/Plugins/Runtime/OpenXR/Content/Devices/OculusGo/BaseTexture.uexp" 602
"../../../Engine/Plugins/Runtime/OpenXR/Content/Devices/OculusGo/BaseTexture.ubulk" 603
"../../../Engine/Plugins/Runtime/OpenXR/Content/Devices/OculusGo/MI_OculusGo.uasset" 604
"../../../Engine/Plugins/Runtime/OpenXR/Content/Devices/OculusGo/MI_OculusGo.uexp" 605
"../../../Engine/Plugins/Runtime/OpenXR/Content/Devices/OculusGo/OculusGoController.uasset" 606
"../../../Engine/Plugins/Runtime/OpenXR/Content/Devices/OculusGo/OculusGoController.uexp" 607
"../../../Engine/Plugins/Runtime/OpenXR/Content/Devices/OculusTouch/MRTexture.uasset" 608
"../../../Engine/Plugins/Runtime/OpenXR/Content/Devices/OculusTouch/MRTexture.uexp" 609
"../../../Engine/Plugins/Runtime/OpenXR/Content/Devices/OculusTouch/MRTexture.ubulk" 610
"../../../Engine/Plugins/Runtime/OpenXR/Content/Devices/OculusTouch/BaseTexture.uasset" 611
"../../../Engine/Plugins/Runtime/OpenXR/Content/Devices/OculusTouch/BaseTexture.uexp" 612
"../../../Engine/Plugins/Runtime/OpenXR/Content/Devices/OculusTouch/BaseTexture.ubulk" 613
"../../../Engine/Plugins/Runtime/OpenXR/Content/Devices/OculusTouch/MI_OculusTouch.uasset" 614
"../../../Engine/Plugins/Runtime/OpenXR/Content/Devices/OculusTouch/MI_OculusTouch.uexp" 615
"../../../Engine/Plugins/Runtime/OpenXR/Content/Devices/OculusTouch/Left/left_OculusTouchController.uasset" 616
"../../../Engine/Plugins/Runtime/OpenXR/Content/Devices/OculusTouch/Left/left_OculusTouchController.uexp" 617
"../../../Engine/Plugins/Runtime/OpenXR/Content/Devices/OculusTouch/Right/right_OculusTouchController.uasset" 618
"../../../Engine/Plugins/Runtime/OpenXR/Content/Devices/OculusTouch/Right/right_OculusTouchController.uexp" 619
"../../../Engine/Plugins/Runtime/OpenXR/Content/Devices/OculusTouch_v2/MRTexture.uasset" 620
"../../../Engine/Plugins/Runtime/OpenXR/Content/Devices/OculusTouch_v2/MRTexture.uexp" 621
"../../../Engine/Plugins/Runtime/OpenXR/Content/Devices/OculusTouch_v2/MRTexture.ubulk" 622
"../../../Engine/Plugins/Runtime/OpenXR/Content/Devices/OculusTouch_v2/BaseTexture.uasset" 623
"../../../Engine/Plugins/Runtime/OpenXR/Content/Devices/OculusTouch_v2/BaseTexture.uexp" 624
"../../../Engine/Plugins/Runtime/OpenXR/Content/Devices/OculusTouch_v2/BaseTexture.ubulk" 625
"../../../Engine/Plugins/Runtime/OpenXR/Content/Devices/OculusTouch_v2/MI_OculusTouch_v2.uasset" 626
"../../../Engine/Plugins/Runtime/OpenXR/Content/Devices/OculusTouch_v2/MI_OculusTouch_v2.uexp" 627
"../../../Engine/Plugins/Runtime/OpenXR/Content/Devices/OculusTouch_v2/Left/left_OculusTouch_v2Controller.uasset" 628
"../../../Engine/Plugins/Runtime/OpenXR/Content/Devices/OculusTouch_v2/Left/left_OculusTouch_v2Controller.uexp" 629
"../../../Engine/Plugins/Runtime/OpenXR/Content/Devices/OculusTouch_v2/Right/right_OculusTouch_v2Controller.uasset" 630
"../../../Engine/Plugins/Runtime/OpenXR/Content/Devices/OculusTouch_v2/Right/right_OculusTouch_v2Controller.uexp" 631
"../../../Engine/Plugins/Runtime/OpenXR/Content/Devices/OculusTouch_v3/MRTexture.uasset" 632
"../../../Engine/Plugins/Runtime/OpenXR/Content/Devices/OculusTouch_v3/MRTexture.uexp" 633
"../../../Engine/Plugins/Runtime/OpenXR/Content/Devices/OculusTouch_v3/MRTexture.ubulk" 634
"../../../Engine/Plugins/Runtime/OpenXR/Content/Devices/OculusTouch_v3/BaseTexture.uasset" 635
"../../../Engine/Plugins/Runtime/OpenXR/Content/Devices/OculusTouch_v3/BaseTexture.uexp" 636
"../../../Engine/Plugins/Runtime/OpenXR/Content/Devices/OculusTouch_v3/BaseTexture.ubulk" 637
"../../../Engine/Plugins/Runtime/OpenXR/Content/Devices/OculusTouch_v3/MI_OculusTouch_v3.uasset" 638
"../../../Engine/Plugins/Runtime/OpenXR/Content/Devices/OculusTouch_v3/MI_OculusTouch_v3.uexp" 639
"../../../Engine/Plugins/Runtime/OpenXR/Content/Devices/OculusTouch_v3/Left/left_OculusTouch_v3Controller.uasset" 640
"../../../Engine/Plugins/Runtime/OpenXR/Content/Devices/OculusTouch_v3/Left/left_OculusTouch_v3Controller.uexp" 641
"../../../Engine/Plugins/Runtime/OpenXR/Content/Devices/OculusTouch_v3/Right/right_OculusTouch_v3Controller.uasset" 642
"../../../Engine/Plugins/Runtime/OpenXR/Content/Devices/OculusTouch_v3/Right/right_OculusTouch_v3Controller.uexp" 643
"../../../Engine/Plugins/Runtime/OpenXR/Content/Devices/ValveIndex/MRTexture.uasset" 644
"../../../Engine/Plugins/Runtime/OpenXR/Content/Devices/ValveIndex/MRTexture.uexp" 645
"../../../Engine/Plugins/Runtime/OpenXR/Content/Devices/ValveIndex/MRTexture.ubulk" 646
"../../../Engine/Plugins/Runtime/OpenXR/Content/Devices/ValveIndex/BaseTexture.uasset" 647
"../../../Engine/Plugins/Runtime/OpenXR/Content/Devices/ValveIndex/BaseTexture.uexp" 648
"../../../Engine/Plugins/Runtime/OpenXR/Content/Devices/ValveIndex/BaseTexture.ubulk" 649
"../../../Engine/Plugins/Runtime/OpenXR/Content/Devices/ValveIndex/Left/MI_left_ValveIndex.uasset" 650
"../../../Engine/Plugins/Runtime/OpenXR/Content/Devices/ValveIndex/Left/MI_left_ValveIndex.uexp" 651
"../../../Engine/Plugins/Runtime/OpenXR/Content/Devices/ValveIndex/Left/left_ValveIndexController.uasset" 652
"../../../Engine/Plugins/Runtime/OpenXR/Content/Devices/ValveIndex/Left/left_ValveIndexController.uexp" 653
"../../../Engine/Plugins/Runtime/OpenXR/Content/Devices/ValveIndex/Right/MI_right_ValveIndex.uasset" 654
"../../../Engine/Plugins/Runtime/OpenXR/Content/Devices/ValveIndex/Right/MI_right_ValveIndex.uexp" 655
"../../../Engine/Plugins/Runtime/OpenXR/Content/Devices/ValveIndex/Right/right_ValveIndexController.uasset" 656
"../../../Engine/Plugins/Runtime/OpenXR/Content/Devices/ValveIndex/Right/right_ValveIndexController.uexp" 657
"../../../Engine/Content/Functions/Engine_MaterialFunctions02/Utility/BreakOutFloat4Components.uasset" 658
"../../../Engine/Content/Functions/Engine_MaterialFunctions02/Utility/BreakOutFloat4Components.uexp" 659
"../../../Engine/Content/Functions/Engine_MaterialFunctions02/Utility/MakeFloat3.uasset" 660
"../../../Engine/Content/Functions/Engine_MaterialFunctions02/Utility/MakeFloat3.uexp" 661
"../../../Engine/Plugins/Runtime/Oculus/OculusVR/Content/Materials/OculusMR_ChromaKey.uasset" 662
"../../../Engine/Plugins/Runtime/Oculus/OculusVR/Content/Materials/OculusMR_ChromaKey.uexp" 663
"../../../Engine/Plugins/Runtime/Oculus/OculusVR/Content/Materials/OculusMR_OpaqueColoredMaterial.uasset" 664
"../../../Engine/Plugins/Runtime/Oculus/OculusVR/Content/Materials/OculusMR_OpaqueColoredMaterial.uexp" 665
"../../../Engine/Plugins/Runtime/Oculus/OculusVR/Content/Materials/PokeAHoleMaterial.uasset" 666
"../../../Engine/Plugins/Runtime/Oculus/OculusVR/Content/Materials/PokeAHoleMaterial.uexp" 667
"../../../Engine/Plugins/Runtime/Oculus/OculusVR/Content/Textures/touchController_controlmap.uasset" 668
"../../../Engine/Plugins/Runtime/Oculus/OculusVR/Content/Textures/touchController_controlmap.uexp" 669
"../../../Engine/Plugins/Runtime/Oculus/OculusVR/Content/Textures/touchController_controlmap.ubulk" 670
"../../../Engine/Plugins/Runtime/Oculus/OculusVR/Content/Textures/touchController_albedo.uasset" 671
"../../../Engine/Plugins/Runtime/Oculus/OculusVR/Content/Textures/touchController_albedo.uexp" 672
"../../../Engine/Plugins/Runtime/Oculus/OculusVR/Content/Textures/touchController_albedo.ubulk" 673
"../../../Engine/Plugins/Runtime/Oculus/OculusVR/Content/Materials/touchController_mat.uasset" 674
"../../../Engine/Plugins/Runtime/Oculus/OculusVR/Content/Materials/touchController_mat.uexp" 675
"../../../Engine/Plugins/Runtime/Oculus/OculusVR/Content/Meshes/LeftTouchController.uasset" 676
"../../../Engine/Plugins/Runtime/Oculus/OculusVR/Content/Meshes/LeftTouchController.uexp" 677
"../../../Engine/Plugins/Runtime/Oculus/OculusVR/Content/Textures/TouchForQuestRiftSController_albedo.uasset" 678
"../../../Engine/Plugins/Runtime/Oculus/OculusVR/Content/Textures/TouchForQuestRiftSController_albedo.uexp" 679
"../../../Engine/Plugins/Runtime/Oculus/OculusVR/Content/Textures/TouchForQuestRiftSController_albedo.ubulk" 680
"../../../Engine/Plugins/Runtime/Oculus/OculusVR/Content/Materials/TouchForQuestRiftSControllerMaterial.uasset" 681
"../../../Engine/Plugins/Runtime/Oculus/OculusVR/Content/Materials/TouchForQuestRiftSControllerMaterial.uexp" 682
"../../../Engine/Plugins/Runtime/Oculus/OculusVR/Content/Meshes/LeftTouchForQuestRiftSController.uasset" 683
"../../../Engine/Plugins/Runtime/Oculus/OculusVR/Content/Meshes/LeftTouchForQuestRiftSController.uexp" 684
"../../../Engine/Plugins/Runtime/Oculus/OculusVR/Content/Meshes/RiftHMD.uasset" 685
"../../../Engine/Plugins/Runtime/Oculus/OculusVR/Content/Meshes/RiftHMD.uexp" 686
"../../../Engine/Plugins/Runtime/Oculus/OculusVR/Content/Meshes/RightTouchController.uasset" 687
"../../../Engine/Plugins/Runtime/Oculus/OculusVR/Content/Meshes/RightTouchController.uexp" 688
"../../../Engine/Plugins/Runtime/Oculus/OculusVR/Content/Meshes/RightTouchForQuestRiftSController.uasset" 689
"../../../Engine/Plugins/Runtime/Oculus/OculusVR/Content/Meshes/RightTouchForQuestRiftSController.uexp" 690
"C:/Users/bewer/Desktop/RespawnTest/RespawnTest/Content/Models/Cube/TemplateFloor.uasset" 691
"C:/Users/bewer/Desktop/RespawnTest/RespawnTest/Content/Models/Cube/TemplateFloor.uexp" 692
"C:/Users/bewer/Desktop/RespawnTest/RespawnTest/Content/Models/Cube/1M_Cube.uasset" 693
"C:/Users/bewer/Desktop/RespawnTest/RespawnTest/Content/Models/Cube/1M_Cube.uexp" 694
"../../../Engine/Content/EngineSky/T_Sky_Stars.uasset" 695
"../../../Engine/Content/EngineSky/T_Sky_Stars.uexp" 696
"../../../Engine/Content/EngineSky/T_Sky_Stars.ubulk" 697
"../../../Engine/Content/EngineSky/T_Sky_Clouds_M.uasset" 698
"../../../Engine/Content/EngineSky/T_Sky_Clouds_M.uexp" 699
"../../../Engine/Content/EngineSky/T_Sky_Clouds_M.ubulk" 700
"../../../Engine/Content/EngineSky/T_Sky_Blue.uasset" 701
"../../../Engine/Content/EngineSky/T_Sky_Blue.uexp" 702
"../../../Engine/Content/EngineSky/T_Sky_Blue.ubulk" 703
"C:/Users/bewer/Desktop/RespawnTest/RespawnTest/Content/Models/DemoRoom/Materials/M_DemoWall_Inst_NamePlate.uasset" 704
"C:/Users/bewer/Desktop/RespawnTest/RespawnTest/Content/Models/DemoRoom/Materials/M_DemoWall_Inst_NamePlate.uexp" 705
"C:/Users/bewer/Desktop/RespawnTest/RespawnTest/Content/Models/DemoRoom/Materials/M_DemoWall_Inst_BaseFloor_Inst.uasset" 706
"C:/Users/bewer/Desktop/RespawnTest/RespawnTest/Content/Models/DemoRoom/Materials/M_DemoWall_Inst_BaseFloor_Inst.uexp" 707
"C:/Users/bewer/Desktop/RespawnTest/RespawnTest/Content/Models/DemoRoom/Materials/plain-arrow-cyan-600x571.uasset" 708
"C:/Users/bewer/Desktop/RespawnTest/RespawnTest/Content/Models/DemoRoom/Materials/plain-arrow-cyan-600x571.uexp" 709
"C:/Users/bewer/Desktop/RespawnTest/RespawnTest/Content/Models/DemoRoom/Materials/plain-arrow-cyan-600x571_Mat.uasset" 710
"C:/Users/bewer/Desktop/RespawnTest/RespawnTest/Content/Models/DemoRoom/Materials/plain-arrow-cyan-600x571_Mat.uexp" 711
"C:/Users/bewer/Desktop/RespawnTest/RespawnTest/Content/Models/DemoRoom/BluePrint/InteractionDemo/2C/Red.uasset" 712
"C:/Users/bewer/Desktop/RespawnTest/RespawnTest/Content/Models/DemoRoom/BluePrint/InteractionDemo/2C/Red.uexp" 713
"C:/Users/bewer/Desktop/RespawnTest/RespawnTest/Content/Models/DemoRoom/BluePrint/InteractionDemo/2C/Green.uasset" 714
"C:/Users/bewer/Desktop/RespawnTest/RespawnTest/Content/Models/DemoRoom/BluePrint/InteractionDemo/2C/Green.uexp" 715
"C:/Users/bewer/Desktop/RespawnTest/RespawnTest/Content/Components/Perks/Perks/SpeedBoost/images__1__Mat.uasset" 716
"C:/Users/bewer/Desktop/RespawnTest/RespawnTest/Content/Components/Perks/Perks/SpeedBoost/images__1__Mat.uexp" 717
"C:/Users/bewer/Desktop/RespawnTest/RespawnTest/Content/Components/Perks/Perks/HighJump/HighJump.uasset" 718
"C:/Users/bewer/Desktop/RespawnTest/RespawnTest/Content/Components/Perks/Perks/HighJump/HighJump.uexp" 719
"C:/Users/bewer/Desktop/RespawnTest/RespawnTest/Content/Components/Perks/Perks/HighJump/HighJump_Mat.uasset" 720
"C:/Users/bewer/Desktop/RespawnTest/RespawnTest/Content/Components/Perks/Perks/HighJump/HighJump_Mat.uexp" 721
"C:/Users/bewer/Desktop/RespawnTest/RespawnTest/Content/Components/Perks/Perks/GodMode/GodMode.uasset" 722
"C:/Users/bewer/Desktop/RespawnTest/RespawnTest/Content/Components/Perks/Perks/GodMode/GodMode.uexp" 723
"C:/Users/bewer/Desktop/RespawnTest/RespawnTest/Content/Components/Perks/Perks/GodMode/GodMode_Mat.uasset" 724
"C:/Users/bewer/Desktop/RespawnTest/RespawnTest/Content/Components/Perks/Perks/GodMode/GodMode_Mat.uexp" 725
"C:/Users/bewer/Desktop/RespawnTest/RespawnTest/Content/Components/Perks/Perks/ExtraHealth/ExtraHealth_Mat.uasset" 726
"C:/Users/bewer/Desktop/RespawnTest/RespawnTest/Content/Components/Perks/Perks/ExtraHealth/ExtraHealth_Mat.uexp" 727
"../../../Engine/Content/Functions/Engine_MaterialFunctions02/Utility/MakeFloat4.uasset" 728
"../../../Engine/Content/Functions/Engine_MaterialFunctions02/Utility/MakeFloat4.uexp" 729
"C:/Users/bewer/Desktop/RespawnTest/RespawnTest/Content/Components/Interaction/HighLightMaterial.uasset" 730
"C:/Users/bewer/Desktop/RespawnTest/RespawnTest/Content/Components/Interaction/HighLightMaterial.uexp" 731
"../../../Engine/Content/EngineSky/M_Sky_Panning_Clouds2.uasset" 732
"../../../Engine/Content/EngineSky/M_Sky_Panning_Clouds2.uexp" 733
"../../../Engine/Content/EngineFonts/RobotoDistanceField.uasset" 734
"../../../Engine/Content/EngineFonts/RobotoDistanceField.uexp" 735
"../../../Engine/Content/EngineMaterials/DefaultTextMaterialOpaque.uasset" 736
"../../../Engine/Content/EngineMaterials/DefaultTextMaterialOpaque.uexp" 737
"C:/Users/bewer/Desktop/RespawnTest/RespawnTest/Content/Maps/ThirdPersonExampleMap_BuiltData.uasset" 738
"C:/Users/bewer/Desktop/RespawnTest/RespawnTest/Content/Maps/ThirdPersonExampleMap_BuiltData.uexp" 739
"C:/Users/bewer/Desktop/RespawnTest/RespawnTest/Content/Maps/ThirdPersonExampleMap_BuiltData.ubulk" 740
"C:/Users/bewer/Desktop/RespawnTest/RespawnTest/Content/Models/DemoRoom/Meshes/SM_Base_FlatWall.uasset" 741
"C:/Users/bewer/Desktop/RespawnTest/RespawnTest/Content/Models/DemoRoom/Meshes/SM_Base_FlatWall.uexp" 742
"C:/Users/bewer/Desktop/RespawnTest/RespawnTest/Content/Models/DemoRoom/Materials/M_DemoWall_Inst2.uasset" 743
"C:/Users/bewer/Desktop/RespawnTest/RespawnTest/Content/Models/DemoRoom/Materials/M_DemoWall_Inst2.uexp" 744
"C:/Users/bewer/Desktop/RespawnTest/RespawnTest/Content/Models/DemoRoom/Meshes/SM_Base.uasset" 745
"C:/Users/bewer/Desktop/RespawnTest/RespawnTest/Content/Models/DemoRoom/Meshes/SM_Base.uexp" 746
"C:/Users/bewer/Desktop/RespawnTest/RespawnTest/Content/Models/DemoRoom/BluePrint/RoomDescription.uasset" 747
"C:/Users/bewer/Desktop/RespawnTest/RespawnTest/Content/Models/DemoRoom/BluePrint/RoomDescription.uexp" 748
"C:/Users/bewer/Desktop/RespawnTest/RespawnTest/Content/Models/DemoRoom/BluePrint/InteractionDemo/2C/2ACube.uasset" 749
"C:/Users/bewer/Desktop/RespawnTest/RespawnTest/Content/Models/DemoRoom/BluePrint/InteractionDemo/2C/2ACube.uexp" 750
"C:/Users/bewer/Desktop/RespawnTest/RespawnTest/Content/Models/DemoRoom/BluePrint/InteractionDemo/2A/2ACube.uasset" 751
"C:/Users/bewer/Desktop/RespawnTest/RespawnTest/Content/Models/DemoRoom/BluePrint/InteractionDemo/2A/2ACube.uexp" 752
"C:/Users/bewer/Desktop/RespawnTest/RespawnTest/Content/Models/DemoRoom/BluePrint/InteractionDemo/1C/1AExample.uasset" 753
"C:/Users/bewer/Desktop/RespawnTest/RespawnTest/Content/Models/DemoRoom/BluePrint/InteractionDemo/1C/1AExample.uexp" 754
"C:/Users/bewer/Desktop/RespawnTest/RespawnTest/Content/Components/Perks/Perks/GodMode/BP_GodMode.uasset" 755
"C:/Users/bewer/Desktop/RespawnTest/RespawnTest/Content/Components/Perks/Perks/GodMode/BP_GodMode.uexp" 756
"C:/Users/bewer/Desktop/RespawnTest/RespawnTest/Content/Models/DemoRoom/BluePrint/InteractionDemo/1AExample_2.uasset" 757
"C:/Users/bewer/Desktop/RespawnTest/RespawnTest/Content/Models/DemoRoom/BluePrint/InteractionDemo/1AExample_2.uexp" 758
"C:/Users/bewer/Desktop/RespawnTest/RespawnTest/Content/Models/DemoRoom/Meshes/SM_NamePlate.uasset" 759
"C:/Users/bewer/Desktop/RespawnTest/RespawnTest/Content/Models/DemoRoom/Meshes/SM_NamePlate.uexp" 760
"C:/Users/bewer/Desktop/RespawnTest/RespawnTest/Content/Models/DemoRoom/Meshes/SM_BaseRoom.uasset" 761
"C:/Users/bewer/Desktop/RespawnTest/RespawnTest/Content/Models/DemoRoom/Meshes/SM_BaseRoom.uexp" 762
"C:/Users/bewer/Desktop/RespawnTest/RespawnTest/Content/Models/DemoRoom/Meshes/SM_Base2.uasset" 763
"C:/Users/bewer/Desktop/RespawnTest/RespawnTest/Content/Models/DemoRoom/Meshes/SM_Base2.uexp" 764
"C:/Users/bewer/Desktop/RespawnTest/RespawnTest/Content/Models/DemoRoom/BluePrint/BP_DemoDisplay_Enum.uasset" 765
"C:/Users/bewer/Desktop/RespawnTest/RespawnTest/Content/Models/DemoRoom/BluePrint/BP_DemoDisplay_Enum.uexp" 766
"C:/Users/bewer/Desktop/RespawnTest/RespawnTest/Content/Models/DemoRoom/Materials/DefaultTextMaterialTranslucentUnlit.uasset" 767
"C:/Users/bewer/Desktop/RespawnTest/RespawnTest/Content/Models/DemoRoom/Materials/DefaultTextMaterialTranslucentUnlit.uexp" 768
"C:/Users/bewer/Desktop/RespawnTest/RespawnTest/Content/Models/DemoRoom/BluePrint/BP_DemoDisplay.uasset" 769
"C:/Users/bewer/Desktop/RespawnTest/RespawnTest/Content/Models/DemoRoom/BluePrint/BP_DemoDisplay.uexp" 770
"C:/Users/bewer/Desktop/RespawnTest/RespawnTest/Content/Components/Perks/Perks/SpeedBoost/BP_SpeedBoost.uasset" 771
"C:/Users/bewer/Desktop/RespawnTest/RespawnTest/Content/Components/Perks/Perks/SpeedBoost/BP_SpeedBoost.uexp" 772
"C:/Users/bewer/Desktop/RespawnTest/RespawnTest/Content/Components/Perks/Perks/HighJump/BP_HighJump.uasset" 773
"C:/Users/bewer/Desktop/RespawnTest/RespawnTest/Content/Components/Perks/Perks/HighJump/BP_HighJump.uexp" 774
"C:/Users/bewer/Desktop/RespawnTest/RespawnTest/Content/Components/Perks/Perks/ExtraHealth/BP_ExtraHealth.uasset" 775
"C:/Users/bewer/Desktop/RespawnTest/RespawnTest/Content/Components/Perks/Perks/ExtraHealth/BP_ExtraHealth.uexp" 776
"C:/Users/bewer/Desktop/RespawnTest/RespawnTest/Content/Components/Perks/BP_PerkSpawner_base.uasset" 777
"C:/Users/bewer/Desktop/RespawnTest/RespawnTest/Content/Components/Perks/BP_PerkSpawner_base.uexp" 778
"C:/Users/bewer/Desktop/RespawnTest/RespawnTest/Content/Components/Perks/Perks/DoubleJump/DoubleJump_Mat.uasset" 779
"C:/Users/bewer/Desktop/RespawnTest/RespawnTest/Content/Components/Perks/Perks/DoubleJump/DoubleJump_Mat.uexp" 780
"../../../Engine/Content/EngineSky/SM_SkySphere.uasset" 781
"../../../Engine/Content/EngineSky/SM_SkySphere.uexp" 782
"../../../Engine/Content/EngineSky/C_Sky_Zenith_Color.uasset" 783
"../../../Engine/Content/EngineSky/C_Sky_Zenith_Color.uexp" 784
"../../../Engine/Content/EngineSky/C_Sky_Horizon_Color.uasset" 785
"../../../Engine/Content/EngineSky/C_Sky_Horizon_Color.uexp" 786
"../../../Engine/Content/EngineSky/C_Sky_Cloud_Color.uasset" 787
"../../../Engine/Content/EngineSky/C_Sky_Cloud_Color.uexp" 788
"../../../Engine/Content/EngineSky/BP_Sky_Sphere.uasset" 789
"../../../Engine/Content/EngineSky/BP_Sky_Sphere.uexp" 790
"C:/Users/bewer/Desktop/RespawnTest/RespawnTest/Content/Maps/ThirdPersonExampleMap.uexp" 791
"C:/Users/bewer/Desktop/RespawnTest/RespawnTest/Content/Maps/ThirdPersonExampleMap.umap" 792
"../../../Engine/Content/Maps/Entry_BuiltData.uasset" 793
"../../../Engine/Content/Maps/Entry_BuiltData.uexp" 794
"../../../Engine/Content/Maps/Entry.uexp" 795
"../../../Engine/Content/Maps/Entry.umap" 796
